Currently Loaded Modulefiles:
  1) python/3.7
Traceback (most recent call last):
  File "deterministic-tight-bignknown.py", line 63, in <module>
    experiment()
  File "deterministic-tight-bignknown.py", line 58, in experiment
    parallel_run=True, n_processes=None)
  File "/home/disc/e.lecarpentier/git/llrl/llrl/experiments.py", line 110, in run_agents_lifelong
    lifelong_plot(agents, path, n_tasks, n_episodes, confidence, open_plot, plot_title)
  File "/home/disc/e.lecarpentier/git/llrl/llrl/utils/chart_utils.py", line 25, in lifelong_plot
    dfs.append(pandas.read_csv(agent_path))
  File "/home/disc/e.lecarpentier/.conda/envs/myenv/lib/python3.7/site-packages/pandas/io/parsers.py", line 685, in parser_f
    return _read(filepath_or_buffer, kwds)
  File "/home/disc/e.lecarpentier/.conda/envs/myenv/lib/python3.7/site-packages/pandas/io/parsers.py", line 457, in _read
    parser = TextFileReader(fp_or_buf, **kwds)
  File "/home/disc/e.lecarpentier/.conda/envs/myenv/lib/python3.7/site-packages/pandas/io/parsers.py", line 895, in __init__
    self._make_engine(self.engine)
  File "/home/disc/e.lecarpentier/.conda/envs/myenv/lib/python3.7/site-packages/pandas/io/parsers.py", line 1135, in _make_engine
    self._engine = CParserWrapper(self.f, **self.options)
  File "/home/disc/e.lecarpentier/.conda/envs/myenv/lib/python3.7/site-packages/pandas/io/parsers.py", line 1906, in __init__
    self._reader = parsers.TextReader(src, **kwds)
  File "pandas/_libs/parsers.pyx", line 380, in pandas._libs.parsers.TextReader.__cinit__
  File "pandas/_libs/parsers.pyx", line 687, in pandas._libs.parsers.TextReader._setup_parser_source
FileNotFoundError: [Errno 2] File b'/home/disc/e.lecarpentier/git/llrl/results/lifelong-deterministic-tight-bignknown_h-7_w-7/results-RMax.csv' does not exist: b'/home/disc/e.lecarpentier/git/llrl/results/lifelong-deterministic-tight-bignknown_h-7_w-7/results-RMax.csv'
